<?xml version="1.0" encoding="UTF-8"?>
<!-- Generated by org.testng.reporters.JUnitReportReporter -->
<testsuite hostname="DESKTOP-5MGC367" failures="0" tests="1" name="day2.SumValidation" time="2.226" errors="0" timestamp="2022-05-10T07:28:09 IST" skipped="0">
  <testcase classname="day2.SumValidation" name="sumOfCourses" time="2.226"/>
  <system-out/>
</testsuite> <!-- day2.SumValidation -->
