<?xml version="1.0" encoding="UTF-8"?>
<!-- Generated by org.testng.reporters.JUnitReportReporter -->
<testsuite hostname="DESKTOP-5MGC367" failures="0" tests="3" name="files.DynamicJson" time="3.727" errors="0" timestamp="2022-05-10T08:15:26 IST" skipped="0">
  <testcase classname="files.DynamicJson" name="addBook" time="0.228"/>
  <system-out/>
  <testcase classname="files.DynamicJson" name="addBook" time="0.194"/>
  <system-out/>
  <testcase classname="files.DynamicJson" name="addBook" time="3.305"/>
  <system-out/>
</testsuite> <!-- files.DynamicJson -->
